mode: set
github.com/marvinmarpol/golang-boilerplate/internal/protection/service/service_impl.go:28.120,30.2 1 1
github.com/marvinmarpol/golang-boilerplate/internal/protection/service/service_impl.go:32.93,35.2 2 1
github.com/marvinmarpol/golang-boilerplate/internal/protection/service/service_impl.go:36.93,39.2 2 1
github.com/marvinmarpol/golang-boilerplate/internal/protection/service/service_impl.go:40.104,42.2 1 0
github.com/marvinmarpol/golang-boilerplate/internal/protection/service/service_impl.go:44.102,54.6 7 0
github.com/marvinmarpol/golang-boilerplate/internal/protection/service/service_impl.go:54.6,60.17 2 0
github.com/marvinmarpol/golang-boilerplate/internal/protection/service/service_impl.go:60.17,62.4 1 0
github.com/marvinmarpol/golang-boilerplate/internal/protection/service/service_impl.go:65.3,65.42 1 0
github.com/marvinmarpol/golang-boilerplate/internal/protection/service/service_impl.go:65.42,77.36 7 0
github.com/marvinmarpol/golang-boilerplate/internal/protection/service/service_impl.go:77.36,81.5 3 0
github.com/marvinmarpol/golang-boilerplate/internal/protection/service/service_impl.go:81.10,83.5 1 0
github.com/marvinmarpol/golang-boilerplate/internal/protection/service/service_impl.go:85.3,89.54 3 0
github.com/marvinmarpol/golang-boilerplate/internal/protection/service/service_impl.go:89.54,90.9 1 0
github.com/marvinmarpol/golang-boilerplate/internal/protection/service/service_impl.go:94.3,94.29 1 0
github.com/marvinmarpol/golang-boilerplate/internal/protection/service/service_impl.go:97.2,97.21 1 0
github.com/marvinmarpol/golang-boilerplate/internal/protection/service/service_impl.go:100.131,104.16 3 0
github.com/marvinmarpol/golang-boilerplate/internal/protection/service/service_impl.go:104.16,107.3 2 0
github.com/marvinmarpol/golang-boilerplate/internal/protection/service/service_impl.go:108.2,109.16 2 0
github.com/marvinmarpol/golang-boilerplate/internal/protection/service/service_impl.go:109.16,112.3 2 0
github.com/marvinmarpol/golang-boilerplate/internal/protection/service/service_impl.go:113.2,114.16 2 0
github.com/marvinmarpol/golang-boilerplate/internal/protection/service/service_impl.go:114.16,117.3 2 0
github.com/marvinmarpol/golang-boilerplate/internal/protection/service/service_impl.go:118.2,119.16 2 0
github.com/marvinmarpol/golang-boilerplate/internal/protection/service/service_impl.go:119.16,122.3 2 0
github.com/marvinmarpol/golang-boilerplate/internal/protection/service/service_impl.go:123.2,124.16 2 0
github.com/marvinmarpol/golang-boilerplate/internal/protection/service/service_impl.go:124.16,127.3 2 0
github.com/marvinmarpol/golang-boilerplate/internal/protection/service/service_impl.go:130.2,141.12 5 0
github.com/marvinmarpol/golang-boilerplate/internal/protection/service/service_impl.go:145.81,149.35 3 0
github.com/marvinmarpol/golang-boilerplate/internal/protection/service/service_impl.go:149.35,151.17 2 0
github.com/marvinmarpol/golang-boilerplate/internal/protection/service/service_impl.go:151.17,153.4 1 0
github.com/marvinmarpol/golang-boilerplate/internal/protection/service/service_impl.go:155.3,155.63 1 0
github.com/marvinmarpol/golang-boilerplate/internal/protection/service/service_impl.go:158.2,158.67 1 0
github.com/marvinmarpol/golang-boilerplate/internal/protection/service/service_impl_dec.go:12.152,13.27 1 1
github.com/marvinmarpol/golang-boilerplate/internal/protection/service/service_impl_dec.go:14.21,15.27 1 0
github.com/marvinmarpol/golang-boilerplate/internal/protection/service/service_impl_dec.go:15.27,16.36 1 0
github.com/marvinmarpol/golang-boilerplate/internal/protection/service/service_impl_dec.go:17.32,19.87 1 0
github.com/marvinmarpol/golang-boilerplate/internal/protection/service/service_impl_dec.go:21.23,23.87 1 0
github.com/marvinmarpol/golang-boilerplate/internal/protection/service/service_impl_dec.go:25.12,26.84 1 0
github.com/marvinmarpol/golang-boilerplate/internal/protection/service/service_impl_dec.go:26.84,29.20 2 0
github.com/marvinmarpol/golang-boilerplate/internal/protection/service/service_impl_dec.go:29.20,30.15 1 0
github.com/marvinmarpol/golang-boilerplate/internal/protection/service/service_impl_dec.go:34.6,34.22 1 0
github.com/marvinmarpol/golang-boilerplate/internal/protection/service/service_impl_dec.go:40.30,41.30 1 1
github.com/marvinmarpol/golang-boilerplate/internal/protection/service/service_impl_dec.go:41.30,42.29 1 1
github.com/marvinmarpol/golang-boilerplate/internal/protection/service/service_impl_dec.go:43.32,44.79 1 1
github.com/marvinmarpol/golang-boilerplate/internal/protection/service/service_impl_dec.go:46.23,48.28 1 0
github.com/marvinmarpol/golang-boilerplate/internal/protection/service/service_impl_dec.go:48.28,49.60 1 0
github.com/marvinmarpol/golang-boilerplate/internal/protection/service/service_impl_dec.go:49.60,51.7 1 0
github.com/marvinmarpol/golang-boilerplate/internal/protection/service/service_impl_dec.go:51.12,53.86 1 0
github.com/marvinmarpol/golang-boilerplate/internal/protection/service/service_impl_dec.go:53.86,56.22 2 0
github.com/marvinmarpol/golang-boilerplate/internal/protection/service/service_impl_dec.go:56.22,57.17 1 0
github.com/marvinmarpol/golang-boilerplate/internal/protection/service/service_impl_dec.go:60.8,60.23 1 0
github.com/marvinmarpol/golang-boilerplate/internal/protection/service/service_impl_dec.go:65.12,66.85 1 1
github.com/marvinmarpol/golang-boilerplate/internal/protection/service/service_impl_dec.go:66.85,69.20 2 1
github.com/marvinmarpol/golang-boilerplate/internal/protection/service/service_impl_dec.go:69.20,70.15 1 0
github.com/marvinmarpol/golang-boilerplate/internal/protection/service/service_impl_dec.go:74.6,74.24 1 1
github.com/marvinmarpol/golang-boilerplate/internal/protection/service/service_impl_dec.go:83.87,86.22 3 1
github.com/marvinmarpol/golang-boilerplate/internal/protection/service/service_impl_dec.go:86.22,88.3 1 1
github.com/marvinmarpol/golang-boilerplate/internal/protection/service/service_impl_dec.go:91.2,92.16 2 1
github.com/marvinmarpol/golang-boilerplate/internal/protection/service/service_impl_dec.go:92.16,95.3 2 0
github.com/marvinmarpol/golang-boilerplate/internal/protection/service/service_impl_dec.go:98.2,103.16 4 1
github.com/marvinmarpol/golang-boilerplate/internal/protection/service/service_impl_dec.go:103.16,105.3 1 0
github.com/marvinmarpol/golang-boilerplate/internal/protection/service/service_impl_dec.go:107.2,107.22 1 1
github.com/marvinmarpol/golang-boilerplate/internal/protection/service/service_impl_enc.go:17.152,18.27 1 1
github.com/marvinmarpol/golang-boilerplate/internal/protection/service/service_impl_enc.go:19.21,20.27 1 0
github.com/marvinmarpol/golang-boilerplate/internal/protection/service/service_impl_enc.go:20.27,21.36 1 0
github.com/marvinmarpol/golang-boilerplate/internal/protection/service/service_impl_enc.go:22.32,24.87 1 0
github.com/marvinmarpol/golang-boilerplate/internal/protection/service/service_impl_enc.go:26.23,28.87 1 0
github.com/marvinmarpol/golang-boilerplate/internal/protection/service/service_impl_enc.go:30.12,31.131 1 0
github.com/marvinmarpol/golang-boilerplate/internal/protection/service/service_impl_enc.go:31.131,33.20 2 0
github.com/marvinmarpol/golang-boilerplate/internal/protection/service/service_impl_enc.go:33.20,34.15 1 0
github.com/marvinmarpol/golang-boilerplate/internal/protection/service/service_impl_enc.go:38.6,38.35 1 0
github.com/marvinmarpol/golang-boilerplate/internal/protection/service/service_impl_enc.go:43.30,44.30 1 1
github.com/marvinmarpol/golang-boilerplate/internal/protection/service/service_impl_enc.go:44.30,45.29 1 1
github.com/marvinmarpol/golang-boilerplate/internal/protection/service/service_impl_enc.go:46.32,48.79 1 1
github.com/marvinmarpol/golang-boilerplate/internal/protection/service/service_impl_enc.go:50.23,52.28 1 0
github.com/marvinmarpol/golang-boilerplate/internal/protection/service/service_impl_enc.go:52.28,53.60 1 0
github.com/marvinmarpol/golang-boilerplate/internal/protection/service/service_impl_enc.go:53.60,55.7 1 0
github.com/marvinmarpol/golang-boilerplate/internal/protection/service/service_impl_enc.go:55.12,57.133 1 0
github.com/marvinmarpol/golang-boilerplate/internal/protection/service/service_impl_enc.go:57.133,59.22 2 0
github.com/marvinmarpol/golang-boilerplate/internal/protection/service/service_impl_enc.go:59.22,60.17 1 0
github.com/marvinmarpol/golang-boilerplate/internal/protection/service/service_impl_enc.go:64.8,64.36 1 0
github.com/marvinmarpol/golang-boilerplate/internal/protection/service/service_impl_enc.go:69.12,71.57 1 1
github.com/marvinmarpol/golang-boilerplate/internal/protection/service/service_impl_enc.go:71.57,73.41 2 0
github.com/marvinmarpol/golang-boilerplate/internal/protection/service/service_impl_enc.go:73.41,74.15 1 0
github.com/marvinmarpol/golang-boilerplate/internal/protection/service/service_impl_enc.go:77.6,78.20 2 0
github.com/marvinmarpol/golang-boilerplate/internal/protection/service/service_impl_enc.go:78.20,79.15 1 0
github.com/marvinmarpol/golang-boilerplate/internal/protection/service/service_impl_enc.go:83.6,83.37 1 0
github.com/marvinmarpol/golang-boilerplate/internal/protection/service/service_impl_enc.go:87.5,87.132 1 1
github.com/marvinmarpol/golang-boilerplate/internal/protection/service/service_impl_enc.go:87.132,89.20 2 1
github.com/marvinmarpol/golang-boilerplate/internal/protection/service/service_impl_enc.go:89.20,90.15 1 0
github.com/marvinmarpol/golang-boilerplate/internal/protection/service/service_impl_enc.go:94.6,94.37 1 1
github.com/marvinmarpol/golang-boilerplate/internal/protection/service/service_impl_enc.go:102.86,104.16 2 1
github.com/marvinmarpol/golang-boilerplate/internal/protection/service/service_impl_enc.go:104.16,107.3 2 0
github.com/marvinmarpol/golang-boilerplate/internal/protection/service/service_impl_enc.go:108.2,112.16 5 1
github.com/marvinmarpol/golang-boilerplate/internal/protection/service/service_impl_enc.go:112.16,115.3 2 0
github.com/marvinmarpol/golang-boilerplate/internal/protection/service/service_impl_enc.go:118.2,126.69 3 1
github.com/marvinmarpol/golang-boilerplate/internal/protection/service/service_impl_enc.go:126.69,127.55 1 0
github.com/marvinmarpol/golang-boilerplate/internal/protection/service/service_impl_enc.go:127.55,129.18 2 0
github.com/marvinmarpol/golang-boilerplate/internal/protection/service/service_impl_enc.go:129.18,132.5 2 0
github.com/marvinmarpol/golang-boilerplate/internal/protection/service/service_impl_enc.go:133.4,133.27 1 0
github.com/marvinmarpol/golang-boilerplate/internal/protection/service/service_impl_enc.go:134.9,135.38 1 0
github.com/marvinmarpol/golang-boilerplate/internal/protection/service/service_impl_enc.go:135.38,137.19 2 0
github.com/marvinmarpol/golang-boilerplate/internal/protection/service/service_impl_enc.go:137.19,139.6 1 0
github.com/marvinmarpol/golang-boilerplate/internal/protection/service/service_impl_enc.go:142.5,143.57 2 0
github.com/marvinmarpol/golang-boilerplate/internal/protection/service/service_impl_enc.go:146.4,147.18 2 0
github.com/marvinmarpol/golang-boilerplate/internal/protection/service/service_impl_enc.go:147.18,150.5 2 0
github.com/marvinmarpol/golang-boilerplate/internal/protection/service/service_impl_enc.go:154.2,154.19 1 1
